0 info it worked if it ends with ok
1 verbose cli [ '/usr/local/Cellar/node/7.3.0/bin/node',
1 verbose cli   '/usr/local/bin/npm',
1 verbose cli   'run',
1 verbose cli   'mock' ]
2 info using npm@4.1.2
3 info using node@v7.3.0
4 verbose run-script [ 'premock', 'mock', 'postmock' ]
5 info lifecycle self-yelp-app@1.0.0~premock: self-yelp-app@1.0.0
6 silly lifecycle self-yelp-app@1.0.0~premock: no script for premock, continuing
7 info lifecycle self-yelp-app@1.0.0~mock: self-yelp-app@1.0.0
8 verbose lifecycle self-yelp-app@1.0.0~mock: unsafe-perm in lifecycle true
9 verbose lifecycle self-yelp-app@1.0.0~mock: PATH: /usr/local/lib/node_modules/npm/bin/node-gyp-bin:/Users/Yuanyuan/Desktop/website/ggy-ife/website/front-end/12-self-yelp-app-search/node_modules/.bin:/usr/local/bin:/usr/bin:/bin:/usr/sbin:/sbin:/usr/local/git/bin
10 verbose lifecycle self-yelp-app@1.0.0~mock: CWD: /Users/Yuanyuan/Desktop/website/ggy-ife/website/front-end/12-self-yelp-app-search
11 silly lifecycle self-yelp-app@1.0.0~mock: Args: [ '-c', 'node --harmony ./mock/server.js' ]
12 silly lifecycle self-yelp-app@1.0.0~mock: Returned: code: 1  signal: null
13 info lifecycle self-yelp-app@1.0.0~mock: Failed to exec mock script
14 verbose stack Error: self-yelp-app@1.0.0 mock: `node --harmony ./mock/server.js`
14 verbose stack Exit status 1
14 verbose stack     at EventEmitter.<anonymous> (/usr/local/lib/node_modules/npm/lib/utils/lifecycle.js:279:16)
14 verbose stack     at emitTwo (events.js:106:13)
14 verbose stack     at EventEmitter.emit (events.js:191:7)
14 verbose stack     at ChildProcess.<anonymous> (/usr/local/lib/node_modules/npm/lib/utils/spawn.js:40:14)
14 verbose stack     at emitTwo (events.js:106:13)
14 verbose stack     at ChildProcess.emit (events.js:191:7)
14 verbose stack     at maybeClose (internal/child_process.js:885:16)
14 verbose stack     at Process.ChildProcess._handle.onexit (internal/child_process.js:226:5)
15 verbose pkgid self-yelp-app@1.0.0
16 verbose cwd /Users/Yuanyuan/Desktop/website/ggy-ife/website/front-end/12-self-yelp-app-search
17 error Darwin 16.6.0
18 error argv "/usr/local/Cellar/node/7.3.0/bin/node" "/usr/local/bin/npm" "run" "mock"
19 error node v7.3.0
20 error npm  v4.1.2
21 error code ELIFECYCLE
22 error self-yelp-app@1.0.0 mock: `node --harmony ./mock/server.js`
22 error Exit status 1
23 error Failed at the self-yelp-app@1.0.0 mock script 'node --harmony ./mock/server.js'.
23 error Make sure you have the latest version of node.js and npm installed.
23 error If you do, this is most likely a problem with the self-yelp-app package,
23 error not with npm itself.
23 error Tell the author that this fails on your system:
23 error     node --harmony ./mock/server.js
23 error You can get information on how to open an issue for this project with:
23 error     npm bugs self-yelp-app
23 error Or if that isn't available, you can get their info via:
23 error     npm owner ls self-yelp-app
23 error There is likely additional logging output above.
24 verbose exit [ 1, true ]
